Flutter crash report; please file at https://github.com/flutter/flutter/issues.

## command

flutter run -d 63614955-DDCD-4CC2-AC14-7FB3100E480E lib/main.dart

## exception

FileSystemException: FileSystemException: Cannot open file, path = '/Users/yangyanhui/Work/GitHub/integration_tests/named_isolates/ios/Runner.xcodeproj/project.pbxproj' (OS Error: No such file or directory, errno = 2)

```
#0      _File.open.<anonymous closure> (dart:io/file_impl.dart:368:9)
#1      _rootRunUnary (dart:async/zone.dart:1132:38)
#2      _CustomZone.runUnary (dart:async/zone.dart:1029:19)
#3      _FutureListener.handleValue (dart:async/future_impl.dart:129:18)
#4      Future._propagateToListeners.handleValueCallback (dart:async/future_impl.dart:642:45)
#5      Future._propagateToListeners (dart:async/future_impl.dart:671:32)
#6      Future._completeWithValue (dart:async/future_impl.dart:486:5)
#7      Future._asyncComplete.<anonymous closure> (dart:async/future_impl.dart:516:7)
#8      _rootRun (dart:async/zone.dart:1124:13)
#9      _CustomZone.run (dart:async/zone.dart:1021:19)
#10     _CustomZone.bindCallback.<anonymous closure> (dart:async/zone.dart:947:23)
#11     _microtaskLoop (dart:async/schedule_microtask.dart:41:21)
#12     _startMicrotaskLoop (dart:async/schedule_microtask.dart:50:5)
#13     _runPendingImmediateCallback (dart:isolate/runtime/libisolate_patch.dart:115:13)
#14     _RawReceivePortImpl._handleMessage (dart:isolate/runtime/libisolate_patch.dart:172:5)
```

## flutter doctor

```
[✓] Flutter (Channel dev, v0.10.0, on Mac OS X 10.13.6 17G65, locale zh-Hans-CN)
    • Flutter version 0.10.0 at /Users/yangyanhui/Work/GitHub/awesome-flutter/flutter
    • Framework revision d954ae6850 (4 weeks ago), 2018-10-09 16:21:06 -0400
    • Engine revision bf377896ff
    • Dart version 2.1.0-dev.6.0.flutter-a50dfd6698

[!] Android toolchain - develop for Android devices (Android SDK 27.0.3)
    • Android SDK at /usr/local/Caskroom/android-platform-tools/27.0.1
    • Android NDK location not configured (optional; useful for native profiling support)
    • Platform android-27, build-tools 27.0.3
    • ANDROID_HOME = /usr/local/share/android-sdk
    • Java binary at: /Applications/Android Studio.app/Contents/jre/jdk/Contents/Home/bin/java
    • Java version OpenJDK Runtime Environment (build 1.8.0_152-release-1136-b06)
    ✗ Android license status unknown.

[✓] iOS toolchain - develop for iOS devices (Xcode 10.0)
    • Xcode at /Applications/Xcode.app/Contents/Developer
    • Xcode 10.0, Build version 10A255
    • ios-deploy 1.9.2
    • CocoaPods version 1.5.3

[✓] Android Studio (version 3.2)
    • Android Studio at /Applications/Android Studio.app/Contents
    • Flutter plugin version 29.1.1
    • Dart plugin version 181.5656
    • Java version OpenJDK Runtime Environment (build 1.8.0_152-release-1136-b06)

[!] VS Code (version 1.28.2)
    • VS Code at /Applications/Visual Studio Code.app/Contents
    • Flutter extension not installed; install from
      https://marketplace.visualstudio.com/items?itemName=Dart-Code.flutter

[✓] Connected device (2 available)
    • HUAWEI GRA UL00 • T7G0215B23000520                     • android-arm64 • Android 6.0 (API 23)
    • iPhone X        • 63614955-DDCD-4CC2-AC14-7FB3100E480E • ios           • iOS 12.0 (simulator)

! Doctor found issues in 2 categories.
```
