2018-11-05 11:48:21.938196 >>> {command: get_health, timeout: 5000}
2018-11-05 11:48:22.172750 <<< {isError: false, response: {status: ok}, type: _extensionType, method: ext.flutter.driver}
2018-11-05 11:48:22.184804 >>> {command: waitFor, timeout: 5000, finderType: ByValueKey, keyValueString: toggle, keyValueType: String}
2018-11-05 11:48:22.455870 <<< {isError: false, response: {}, type: _extensionType, method: ext.flutter.driver}
2018-11-05 11:48:27.560705 >>> {command: tap, timeout: 5000, finderType: ByValueKey, keyValueString: toggle, keyValueType: String}
2018-11-05 11:48:27.613759 <<< {isError: false, response: {}, type: _extensionType, method: ext.flutter.driver}
2018-11-05 11:48:31.917974 >>> {command: tap, timeout: 5000, finderType: ByValueKey, keyValueString: toggle, keyValueType: String}
2018-11-05 11:48:31.932115 <<< {isError: false, response: {}, type: _extensionType, method: ext.flutter.driver}
2018-11-05 11:48:36.290535 >>> {command: tap, timeout: 5000, finderType: ByValueKey, keyValueString: toggle, keyValueType: String}
2018-11-05 11:48:36.298103 <<< {isError: false, response: {}, type: _extensionType, method: ext.flutter.driver}
2018-11-05 11:48:40.622823 >>> {command: tap, timeout: 5000, finderType: ByValueKey, keyValueString: toggle, keyValueType: String}
2018-11-05 11:48:40.632574 <<< {isError: false, response: {}, type: _extensionType, method: ext.flutter.driver}
2018-11-05 11:48:44.963070 >>> {command: tap, timeout: 5000, finderType: ByValueKey, keyValueString: toggle, keyValueType: String}
2018-11-05 11:48:44.969138 <<< {isError: false, response: {}, type: _extensionType, method: ext.flutter.driver}
2018-11-05 11:48:49.271954 >>> {command: tap, timeout: 5000, finderType: ByValueKey, keyValueString: toggle, keyValueType: String}
2018-11-05 11:48:49.280106 <<< {isError: false, response: {}, type: _extensionType, method: ext.flutter.driver}
2018-11-05 11:48:53.931051 >>> {command: tap, timeout: 5000, finderType: ByValueKey, keyValueString: toggle, keyValueType: String}
2018-11-05 11:48:53.937560 <<< {isError: false, response: {}, type: _extensionType, method: ext.flutter.driver}
2018-11-05 11:48:58.259888 >>> {command: tap, timeout: 5000, finderType: ByValueKey, keyValueString: toggle, keyValueType: String}
2018-11-05 11:48:58.280339 <<< {isError: false, response: {}, type: _extensionType, method: ext.flutter.driver}
2018-11-05 11:49:02.713 >>> {command: tap, timeout: 5000, finderType: ByValueKey, keyValueString: toggle, keyValueType: String}
2018-11-05 11:49:02.720795 <<< {isError: false, response: {}, type: _extensionType, method: ext.flutter.driver}
2018-11-05 11:49:06.985497 >>> {command: tap, timeout: 5000, finderType: ByValueKey, keyValueString: toggle, keyValueType: String}
2018-11-05 11:49:06.992784 <<< {isError: false, response: {}, type: _extensionType, method: ext.flutter.driver}
2018-11-05 11:50:15.078927 >>> {command: get_health, timeout: 5000}
2018-11-05 11:50:15.323456 <<< {isError: false, response: {status: ok}, type: _extensionType, method: ext.flutter.driver}
2018-11-05 11:50:15.334976 >>> {command: waitFor, timeout: 5000, finderType: ByValueKey, keyValueString: toggle, keyValueType: String}
2018-11-05 11:50:15.520793 <<< {isError: false, response: {}, type: _extensionType, method: ext.flutter.driver}
2018-11-05 11:50:20.229014 >>> {command: tap, timeout: 5000, finderType: ByValueKey, keyValueString: toggle, keyValueType: String}
2018-11-05 11:50:20.309587 <<< {isError: false, response: {}, type: _extensionType, method: ext.flutter.driver}
2018-11-05 11:50:40.884790 >>> {command: get_health, timeout: 5000}
2018-11-05 11:50:41.103998 <<< {isError: false, response: {status: ok}, type: _extensionType, method: ext.flutter.driver}
2018-11-05 11:50:41.114368 >>> {command: waitFor, timeout: 5000, finderType: ByValueKey, keyValueString: toggle, keyValueType: String}
2018-11-05 11:50:41.295458 <<< {isError: false, response: {}, type: _extensionType, method: ext.flutter.driver}
2018-11-05 11:50:45.962541 >>> {command: tap, timeout: 5000, finderType: ByValueKey, keyValueString: toggle, keyValueType: String}
2018-11-05 11:50:46.016418 <<< {isError: false, response: {}, type: _extensionType, method: ext.flutter.driver}
2018-11-05 11:50:50.207148 >>> {command: tap, timeout: 5000, finderType: ByValueKey, keyValueString: toggle, keyValueType: String}
2018-11-05 11:50:50.221380 <<< {isError: false, response: {}, type: _extensionType, method: ext.flutter.driver}
2018-11-05 11:50:54.550378 >>> {command: tap, timeout: 5000, finderType: ByValueKey, keyValueString: toggle, keyValueType: String}
2018-11-05 11:50:54.557292 <<< {isError: false, response: {}, type: _extensionType, method: ext.flutter.driver}
2018-11-05 11:50:58.698485 >>> {command: tap, timeout: 5000, finderType: ByValueKey, keyValueString: toggle, keyValueType: String}
2018-11-05 11:50:58.707498 <<< {isError: false, response: {}, type: _extensionType, method: ext.flutter.driver}
2018-11-05 11:51:03.023380 >>> {command: tap, timeout: 5000, finderType: ByValueKey, keyValueString: toggle, keyValueType: String}
2018-11-05 11:51:03.029453 <<< {isError: false, response: {}, type: _extensionType, method: ext.flutter.driver}
2018-11-05 11:51:07.282684 >>> {command: tap, timeout: 5000, finderType: ByValueKey, keyValueString: toggle, keyValueType: String}
2018-11-05 11:51:07.294568 <<< {isError: false, response: {}, type: _extensionType, method: ext.flutter.driver}
2018-11-05 11:51:11.704826 >>> {command: tap, timeout: 5000, finderType: ByValueKey, keyValueString: toggle, keyValueType: String}
2018-11-05 11:51:11.717853 <<< {isError: false, response: {}, type: _extensionType, method: ext.flutter.driver}
2018-11-05 11:51:16.082853 >>> {command: tap, timeout: 5000, finderType: ByValueKey, keyValueString: toggle, keyValueType: String}
2018-11-05 11:51:16.095161 <<< {isError: false, response: {}, type: _extensionType, method: ext.flutter.driver}
2018-11-05 11:51:20.356286 >>> {command: tap, timeout: 5000, finderType: ByValueKey, keyValueString: toggle, keyValueType: String}
2018-11-05 11:51:20.362744 <<< {isError: false, response: {}, type: _extensionType, method: ext.flutter.driver}
2018-11-05 11:51:24.568817 >>> {command: tap, timeout: 5000, finderType: ByValueKey, keyValueString: toggle, keyValueType: String}
2018-11-05 11:51:24.575523 <<< {isError: false, response: {}, type: _extensionType, method: ext.flutter.driver}
2018-11-05 18:59:30.892898 >>> {command: get_health, timeout: 5000}
2018-11-05 18:59:31.209213 <<< {isError: false, response: {status: ok}, type: _extensionType, method: ext.flutter.driver}
2018-11-05 18:59:31.234561 >>> {command: waitFor, timeout: 5000, finderType: ByValueKey, keyValueString: toggle, keyValueType: String}
2018-11-05 18:59:31.788617 <<< {isError: false, response: {}, type: _extensionType, method: ext.flutter.driver}
2018-11-05 18:59:36.300635 >>> {command: tap, timeout: 5000, finderType: ByValueKey, keyValueString: toggle, keyValueType: String}
2018-11-05 19:28:24.511781 >>> {command: get_health, timeout: 5000}
2018-11-05 19:28:24.754654 <<< {isError: false, response: {status: ok}, type: _extensionType, method: ext.flutter.driver}
2018-11-05 19:28:24.765050 >>> {command: waitFor, timeout: 5000, finderType: ByValueKey, keyValueString: toggle, keyValueType: String}
2018-11-05 19:28:24.979928 <<< {isError: false, response: {}, type: _extensionType, method: ext.flutter.driver}
2018-11-05 19:33:30.268354 >>> {command: get_health, timeout: 5000}
2018-11-05 19:33:30.546505 <<< {isError: false, response: {status: ok}, type: _extensionType, method: ext.flutter.driver}
2018-11-05 19:33:30.557291 >>> {command: waitFor, timeout: 5000, finderType: ByValueKey, keyValueString: toggle, keyValueType: String}
2018-11-05 19:33:30.875310 <<< {isError: false, response: {}, type: _extensionType, method: ext.flutter.driver}
2018-11-05 19:33:35.238457 >>> {command: tap, timeout: 5000, finderType: ByValueKey, keyValueString: toggle, keyValueType: String}
2018-11-05 19:33:35.285819 <<< {isError: false, response: {}, type: _extensionType, method: ext.flutter.driver}
2018-11-05 19:33:39.484827 >>> {command: tap, timeout: 5000, finderType: ByValueKey, keyValueString: toggle, keyValueType: String}
2018-11-05 19:33:39.498990 <<< {isError: false, response: {}, type: _extensionType, method: ext.flutter.driver}
2018-11-05 19:33:43.805230 >>> {command: tap, timeout: 5000, finderType: ByValueKey, keyValueString: toggle, keyValueType: String}
2018-11-05 19:33:43.812297 <<< {isError: false, response: {}, type: _extensionType, method: ext.flutter.driver}
2018-11-05 19:33:47.963218 >>> {command: tap, timeout: 5000, finderType: ByValueKey, keyValueString: toggle, keyValueType: String}
2018-11-05 19:33:47.974734 <<< {isError: false, response: {}, type: _extensionType, method: ext.flutter.driver}
2018-11-05 19:33:52.294595 >>> {command: tap, timeout: 5000, finderType: ByValueKey, keyValueString: toggle, keyValueType: String}
2018-11-05 19:33:52.302024 <<< {isError: false, response: {}, type: _extensionType, method: ext.flutter.driver}
2018-11-05 19:33:56.542711 >>> {command: tap, timeout: 5000, finderType: ByValueKey, keyValueString: toggle, keyValueType: String}
2018-11-05 19:33:56.549870 <<< {isError: false, response: {}, type: _extensionType, method: ext.flutter.driver}
2018-11-05 19:34:00.867039 >>> {command: tap, timeout: 5000, finderType: ByValueKey, keyValueString: toggle, keyValueType: String}
2018-11-05 19:34:00.873857 <<< {isError: false, response: {}, type: _extensionType, method: ext.flutter.driver}
2018-11-05 19:34:05.230979 >>> {command: tap, timeout: 5000, finderType: ByValueKey, keyValueString: toggle, keyValueType: String}
2018-11-05 19:34:05.243901 <<< {isError: false, response: {}, type: _extensionType, method: ext.flutter.driver}
2018-11-05 19:34:09.715816 >>> {command: tap, timeout: 5000, finderType: ByValueKey, keyValueString: toggle, keyValueType: String}
2018-11-05 19:34:09.721565 <<< {isError: false, response: {}, type: _extensionType, method: ext.flutter.driver}
2018-11-05 19:34:13.911929 >>> {command: tap, timeout: 5000, finderType: ByValueKey, keyValueString: toggle, keyValueType: String}
2018-11-05 19:34:13.918505 <<< {isError: false, response: {}, type: _extensionType, method: ext.flutter.driver}
2018-11-05 19:36:28.256036 >>> {command: get_health, timeout: 5000}
2018-11-05 19:36:28.474124 <<< {isError: false, response: {status: ok}, type: _extensionType, method: ext.flutter.driver}
2018-11-05 19:36:28.489909 >>> {command: waitFor, timeout: 5000, finderType: ByValueKey, keyValueString: toggle, keyValueType: String}
2018-11-05 19:36:28.668428 <<< {isError: false, response: {}, type: _extensionType, method: ext.flutter.driver}
2018-11-05 19:37:59.945905 >>> {command: get_health, timeout: 5000}
2018-11-05 19:38:00.195163 <<< {isError: false, response: {status: ok}, type: _extensionType, method: ext.flutter.driver}
2018-11-05 19:38:00.213239 >>> {command: waitFor, timeout: 5000, finderType: ByValueKey, keyValueString: toggle, keyValueType: String}
2018-11-05 19:38:00.469829 <<< {isError: false, response: {}, type: _extensionType, method: ext.flutter.driver}
2018-11-05 19:38:04.866212 >>> {command: tap, timeout: 5000, finderType: ByValueKey, keyValueString: toggle, keyValueType: String}
2018-11-05 19:38:04.913507 <<< {isError: false, response: {}, type: _extensionType, method: ext.flutter.driver}
2018-11-05 19:38:09.140622 >>> {command: tap, timeout: 5000, finderType: ByValueKey, keyValueString: toggle, keyValueType: String}
2018-11-05 19:38:09.155088 <<< {isError: false, response: {}, type: _extensionType, method: ext.flutter.driver}
2018-11-05 19:38:14.057491 >>> {command: tap, timeout: 5000, finderType: ByValueKey, keyValueString: toggle, keyValueType: String}
2018-11-05 19:38:14.063494 <<< {isError: false, response: {}, type: _extensionType, method: ext.flutter.driver}
2018-11-05 19:38:18.519678 >>> {command: tap, timeout: 5000, finderType: ByValueKey, keyValueString: toggle, keyValueType: String}
2018-11-05 19:38:18.529344 <<< {isError: false, response: {}, type: _extensionType, method: ext.flutter.driver}
2018-11-05 19:38:40.170669 >>> {command: get_health, timeout: 5000}
2018-11-05 19:38:40.391488 <<< {isError: false, response: {status: ok}, type: _extensionType, method: ext.flutter.driver}
2018-11-05 19:38:40.403679 >>> {command: waitFor, timeout: 5000, finderType: ByValueKey, keyValueString: toggle, keyValueType: String}
2018-11-05 19:38:40.581629 <<< {isError: false, response: {}, type: _extensionType, method: ext.flutter.driver}
2018-11-05 19:38:44.988708 >>> {command: tap, timeout: 5000, finderType: ByValueKey, keyValueString: toggle, keyValueType: String}
2018-11-05 19:38:45.037848 <<< {isError: false, response: {}, type: _extensionType, method: ext.flutter.driver}
2018-11-05 19:38:49.366619 >>> {command: tap, timeout: 5000, finderType: ByValueKey, keyValueString: toggle, keyValueType: String}
2018-11-05 19:38:49.380689 <<< {isError: false, response: {}, type: _extensionType, method: ext.flutter.driver}
2018-11-05 19:38:53.703023 >>> {command: tap, timeout: 5000, finderType: ByValueKey, keyValueString: toggle, keyValueType: String}
2018-11-05 19:38:53.709776 <<< {isError: false, response: {}, type: _extensionType, method: ext.flutter.driver}
2018-11-05 19:38:57.895991 >>> {command: tap, timeout: 5000, finderType: ByValueKey, keyValueString: toggle, keyValueType: String}
2018-11-05 19:38:57.905190 <<< {isError: false, response: {}, type: _extensionType, method: ext.flutter.driver}
2018-11-05 19:39:02.221661 >>> {command: tap, timeout: 5000, finderType: ByValueKey, keyValueString: toggle, keyValueType: String}
2018-11-05 19:39:02.228495 <<< {isError: false, response: {}, type: _extensionType, method: ext.flutter.driver}
2018-11-05 19:39:06.391802 >>> {command: tap, timeout: 5000, finderType: ByValueKey, keyValueString: toggle, keyValueType: String}
2018-11-05 19:39:06.399157 <<< {isError: false, response: {}, type: _extensionType, method: ext.flutter.driver}
2018-11-05 19:39:10.676296 >>> {command: tap, timeout: 5000, finderType: ByValueKey, keyValueString: toggle, keyValueType: String}
2018-11-05 19:39:10.682777 <<< {isError: false, response: {}, type: _extensionType, method: ext.flutter.driver}
2018-11-05 19:39:14.817612 >>> {command: tap, timeout: 5000, finderType: ByValueKey, keyValueString: toggle, keyValueType: String}
2018-11-05 19:39:14.829906 <<< {isError: false, response: {}, type: _extensionType, method: ext.flutter.driver}
2018-11-05 19:39:19.232105 >>> {command: tap, timeout: 5000, finderType: ByValueKey, keyValueString: toggle, keyValueType: String}
2018-11-05 19:39:19.237884 <<< {isError: false, response: {}, type: _extensionType, method: ext.flutter.driver}
2018-11-05 19:39:23.616258 >>> {command: tap, timeout: 5000, finderType: ByValueKey, keyValueString: toggle, keyValueType: String}
2018-11-05 19:39:23.623696 <<< {isError: false, response: {}, type: _extensionType, method: ext.flutter.driver}
2018-11-05 19:40:13.722187 >>> {command: get_health, timeout: 5000}
2018-11-05 19:40:13.943594 <<< {isError: false, response: {status: ok}, type: _extensionType, method: ext.flutter.driver}
2018-11-05 19:40:13.961268 >>> {command: waitFor, timeout: 5000, finderType: ByValueKey, keyValueString: toggle, keyValueType: String}
2018-11-05 19:40:14.148708 <<< {isError: false, response: {}, type: _extensionType, method: ext.flutter.driver}
2018-11-05 19:40:18.586778 >>> {command: tap, timeout: 5000, finderType: ByValueKey, keyValueString: toggle, keyValueType: String}
2018-11-05 19:40:18.643756 <<< {isError: false, response: {}, type: _extensionType, method: ext.flutter.driver}
2018-11-05 19:40:22.841029 >>> {command: tap, timeout: 5000, finderType: ByValueKey, keyValueString: toggle, keyValueType: String}
2018-11-05 19:40:22.855017 <<< {isError: false, response: {}, type: _extensionType, method: ext.flutter.driver}
2018-11-05 19:40:27.168582 >>> {command: tap, timeout: 5000, finderType: ByValueKey, keyValueString: toggle, keyValueType: String}
2018-11-05 19:40:27.175136 <<< {isError: false, response: {}, type: _extensionType, method: ext.flutter.driver}
2018-11-05 19:40:31.392115 >>> {command: tap, timeout: 5000, finderType: ByValueKey, keyValueString: toggle, keyValueType: String}
2018-11-05 19:40:31.401687 <<< {isError: false, response: {}, type: _extensionType, method: ext.flutter.driver}
2018-11-05 19:40:35.695071 >>> {command: tap, timeout: 5000, finderType: ByValueKey, keyValueString: toggle, keyValueType: String}
2018-11-05 19:40:35.701124 <<< {isError: false, response: {}, type: _extensionType, method: ext.flutter.driver}
2018-11-05 19:40:39.871883 >>> {command: tap, timeout: 5000, finderType: ByValueKey, keyValueString: toggle, keyValueType: String}
2018-11-05 19:40:39.879146 <<< {isError: false, response: {}, type: _extensionType, method: ext.flutter.driver}
2018-11-05 19:40:44.209383 >>> {command: tap, timeout: 5000, finderType: ByValueKey, keyValueString: toggle, keyValueType: String}
2018-11-05 19:40:44.214092 <<< {isError: false, response: {}, type: _extensionType, method: ext.flutter.driver}
2018-11-05 19:40:48.393135 >>> {command: tap, timeout: 5000, finderType: ByValueKey, keyValueString: toggle, keyValueType: String}
2018-11-05 19:40:48.406449 <<< {isError: false, response: {}, type: _extensionType, method: ext.flutter.driver}
2018-11-05 19:40:52.714914 >>> {command: tap, timeout: 5000, finderType: ByValueKey, keyValueString: toggle, keyValueType: String}
2018-11-05 19:40:52.721002 <<< {isError: false, response: {}, type: _extensionType, method: ext.flutter.driver}
2018-11-05 19:40:56.908285 >>> {command: tap, timeout: 5000, finderType: ByValueKey, keyValueString: toggle, keyValueType: String}
2018-11-05 19:40:56.916209 <<< {isError: false, response: {}, type: _extensionType, method: ext.flutter.driver}
2018-11-05 19:43:14.451991 >>> {command: get_health, timeout: 5000}
2018-11-05 19:43:14.699780 <<< {isError: false, response: {status: ok}, type: _extensionType, method: ext.flutter.driver}
2018-11-05 19:43:14.710850 >>> {command: waitFor, timeout: 5000, finderType: ByValueKey, keyValueString: toggle, keyValueType: String}
2018-11-05 19:43:15.018844 <<< {isError: false, response: {}, type: _extensionType, method: ext.flutter.driver}
2018-11-05 20:13:19.246796 >>> {command: get_health, timeout: 5000}
2018-11-05 20:13:19.497687 <<< {isError: false, response: {status: ok}, type: _extensionType, method: ext.flutter.driver}
2018-11-05 20:13:19.511104 >>> {command: waitFor, timeout: 5000, finderType: ByValueKey, keyValueString: toggle, keyValueType: String}
2018-11-05 20:13:19.751977 <<< {isError: false, response: {}, type: _extensionType, method: ext.flutter.driver}
2018-11-05 20:15:20.931573 >>> {command: get_health, timeout: 5000}
2018-11-05 20:15:21.150967 <<< {isError: false, response: {status: ok}, type: _extensionType, method: ext.flutter.driver}
2018-11-05 20:15:21.161371 >>> {command: waitFor, timeout: 5000, finderType: ByValueKey, keyValueString: toggle, keyValueType: String}
2018-11-05 20:15:21.352888 <<< {isError: false, response: {}, type: _extensionType, method: ext.flutter.driver}
2018-11-05 20:15:25.811600 >>> {command: tap, timeout: 5000, finderType: ByValueKey, keyValueString: toggle, keyValueType: String}
2018-11-05 20:15:25.865430 <<< {isError: false, response: {}, type: _extensionType, method: ext.flutter.driver}
2018-11-05 20:15:30.026802 >>> {command: tap, timeout: 5000, finderType: ByValueKey, keyValueString: toggle, keyValueType: String}
2018-11-05 20:15:30.039505 <<< {isError: false, response: {}, type: _extensionType, method: ext.flutter.driver}
2018-11-05 20:15:34.286996 >>> {command: tap, timeout: 5000, finderType: ByValueKey, keyValueString: toggle, keyValueType: String}
2018-11-05 20:15:34.293794 <<< {isError: false, response: {}, type: _extensionType, method: ext.flutter.driver}
2018-11-05 20:15:38.917913 >>> {command: tap, timeout: 5000, finderType: ByValueKey, keyValueString: toggle, keyValueType: String}
2018-11-05 20:15:38.927907 <<< {isError: false, response: {}, type: _extensionType, method: ext.flutter.driver}
2018-11-05 20:15:43.656207 >>> {command: tap, timeout: 5000, finderType: ByValueKey, keyValueString: toggle, keyValueType: String}
2018-11-05 20:15:43.662664 <<< {isError: false, response: {}, type: _extensionType, method: ext.flutter.driver}
2018-11-05 20:15:47.876104 >>> {command: tap, timeout: 5000, finderType: ByValueKey, keyValueString: toggle, keyValueType: String}
2018-11-05 20:15:47.883475 <<< {isError: false, response: {}, type: _extensionType, method: ext.flutter.driver}
2018-11-05 20:15:52.204376 >>> {command: tap, timeout: 5000, finderType: ByValueKey, keyValueString: toggle, keyValueType: String}
2018-11-05 20:15:52.211174 <<< {isError: false, response: {}, type: _extensionType, method: ext.flutter.driver}
2018-11-05 20:15:56.363004 >>> {command: tap, timeout: 5000, finderType: ByValueKey, keyValueString: toggle, keyValueType: String}
2018-11-05 20:15:56.372688 <<< {isError: false, response: {}, type: _extensionType, method: ext.flutter.driver}
2018-11-05 20:16:00.758360 >>> {command: tap, timeout: 5000, finderType: ByValueKey, keyValueString: toggle, keyValueType: String}
2018-11-05 20:16:00.764017 <<< {isError: false, response: {}, type: _extensionType, method: ext.flutter.driver}
2018-11-05 20:16:04.883970 >>> {command: tap, timeout: 5000, finderType: ByValueKey, keyValueString: toggle, keyValueType: String}
2018-11-05 20:16:04.892214 <<< {isError: false, response: {}, type: _extensionType, method: ext.flutter.driver}
2018-11-05 20:24:24.700908 >>> {command: get_health, timeout: 5000}
2018-11-05 20:24:24.759524 <<< {isError: false, response: {status: ok}, type: _extensionType, method: ext.flutter.driver}
2018-11-05 20:24:24.774470 >>> {command: request_data, timeout: 5000, message: route}
2018-11-05 20:24:24.778866 <<< {isError: false, response: {message: /}, type: _extensionType, method: ext.flutter.driver}
2018-11-05 20:35:12.454383 >>> {command: get_health, timeout: 5000}
2018-11-05 20:35:12.535226 <<< {isError: false, response: {status: ok}, type: _extensionType, method: ext.flutter.driver}
2018-11-05 20:35:12.545218 >>> {command: request_data, timeout: 5000, message: route}
2018-11-05 20:35:12.550091 <<< {isError: false, response: {message: /}, type: _extensionType, method: ext.flutter.driver}
2018-11-05 20:37:29.179035 >>> {command: get_health, timeout: 5000}
2018-11-05 20:37:29.243606 <<< {isError: false, response: {status: ok}, type: _extensionType, method: ext.flutter.driver}
2018-11-05 20:37:29.262788 >>> {command: request_data, timeout: 5000, message: route}
2018-11-05 20:37:29.267813 <<< {isError: false, response: {message: /}, type: _extensionType, method: ext.flutter.driver}
2018-11-05 20:39:11.396337 >>> {command: get_health, timeout: 5000}
2018-11-05 20:39:11.487246 <<< {isError: false, response: {status: ok}, type: _extensionType, method: ext.flutter.driver}
2018-11-05 20:39:11.518490 >>> {command: request_data, timeout: 5000, message: route}
2018-11-05 20:39:11.531829 <<< {isError: false, response: {message: /}, type: _extensionType, method: ext.flutter.driver}
2018-11-05 20:40:12.608533 >>> {command: get_health, timeout: 5000}
2018-11-05 20:40:12.708315 <<< {isError: false, response: {status: ok}, type: _extensionType, method: ext.flutter.driver}
2018-11-05 20:40:12.727328 >>> {command: request_data, timeout: 5000, message: route}
2018-11-05 20:40:12.737356 <<< {isError: false, response: {message: /}, type: _extensionType, method: ext.flutter.driver}
2018-11-05 20:41:10.556767 >>> {command: get_health, timeout: 5000}
2018-11-05 20:41:10.665819 <<< {isError: false, response: {status: ok}, type: _extensionType, method: ext.flutter.driver}
2018-11-05 20:41:10.701836 >>> {command: request_data, timeout: 5000, message: route}
2018-11-05 20:41:10.732598 <<< {isError: false, response: {message: /smuggle-it}, type: _extensionType, method: ext.flutter.driver}
2018-11-05 20:43:06.019853 >>> {command: get_health, timeout: 5000}
2018-11-05 20:43:06.091908 <<< {isError: false, response: {status: ok}, type: _extensionType, method: ext.flutter.driver}
2018-11-05 20:43:06.106733 >>> {command: request_data, timeout: 5000, message: route}
2018-11-05 20:43:06.127795 <<< {isError: false, response: {message: /smuggle-it}, type: _extensionType, method: ext.flutter.driver}
2018-11-05 20:45:43.536492 >>> {command: get_health, timeout: 5000}
2018-11-05 20:45:43.643135 <<< {isError: false, response: {status: ok}, type: _extensionType, method: ext.flutter.driver}
2018-11-05 20:45:43.673268 >>> {command: request_data, timeout: 5000, message: route}
2018-11-05 20:45:43.697201 <<< {isError: false, response: {message: /smuggle-it}, type: _extensionType, method: ext.flutter.driver}
2018-11-05 20:45:43.700257 >>> {command: request_data, timeout: 5000, message: route22}
2018-11-05 20:45:43.718121 <<< {isError: false, response: {message: route22}, type: _extensionType, method: ext.flutter.driver}
2018-11-05 20:52:55.449798 >>> {command: get_health, timeout: 5000}
2018-11-05 20:52:55.679972 <<< {isError: false, response: {status: ok}, type: _extensionType, method: ext.flutter.driver}
2018-11-05 20:52:55.692561 >>> {command: waitFor, timeout: 5000, finderType: ByText, text: present}
2018-11-05 20:52:56.057183 <<< {isError: false, response: {}, type: _extensionType, method: ext.flutter.driver}
2018-11-05 20:52:56.064547 >>> {command: waitForAbsent, timeout: 1000, finderType: ByText, text: present}
2018-11-05 20:52:57.106128 <<< {isError: true, response: Timeout while executing waitForAbsent: TimeoutException after 0:00:01.000000: Future not completed
#0      FlutterDriverExtension.call (package:flutter_driver/src/extension/extension.dart:180:31)
<asynchronous suspension>
#1      BindingBase.registerServiceExtension.<anonymous closure> (package:flutter/src/foundation/binding.dart:438:32)
<asynchronous suspension>
#2      _runExtension (dart:developer/runtime/libdeveloper.dart:86:23)
, type: _extensionType, method: ext.flutter.driver}
2018-11-05 20:52:57.112903 >>> {command: waitForAbsent, timeout: 5000, finderType: ByText, text: present}
2018-11-05 20:52:58.124460 >>> {command: tap, timeout: 5000, finderType: ByValueKey, keyValueString: togglePresent, keyValueType: String}
2018-11-05 20:52:58.213991 <<< {isError: false, response: {}, type: _extensionType, method: ext.flutter.driver}
2018-11-05 20:52:58.425846 <<< {isError: false, response: {}, type: _extensionType, method: ext.flutter.driver}
2018-11-05 20:52:58.429505 >>> {command: waitFor, timeout: 1000, finderType: ByText, text: present}
2018-11-05 20:52:59.434322 <<< {isError: true, response: Timeout while executing waitFor: TimeoutException after 0:00:01.000000: Future not completed
#0      FlutterDriverExtension.call (package:flutter_driver/src/extension/extension.dart:180:31)
<asynchronous suspension>
#1      BindingBase.registerServiceExtension.<anonymous closure> (package:flutter/src/foundation/binding.dart:438:32)
<asynchronous suspension>
#2      _runExtension (dart:developer/runtime/libdeveloper.dart:86:23)
, type: _extensionType, method: ext.flutter.driver}
2018-11-05 20:52:59.436788 >>> {command: waitFor, timeout: 5000, finderType: ByText, text: present}
2018-11-05 20:53:00.440730 >>> {command: tap, timeout: 5000, finderType: ByValueKey, keyValueString: togglePresent, keyValueType: String}
2018-11-05 20:53:00.451392 <<< {isError: false, response: {}, type: _extensionType, method: ext.flutter.driver}
2018-11-05 20:53:00.656273 <<< {isError: false, response: {}, type: _extensionType, method: ext.flutter.driver}
2018-11-05 20:53:00.660107 >>> {command: waitForAbsent, timeout: 5000, finderType: ByText, text: that does not exist}
2018-11-05 20:53:00.668959 <<< {isError: false, response: {}, type: _extensionType, method: ext.flutter.driver}
2018-11-05 20:53:00.671883 >>> {command: waitForAbsent, timeout: 5000, finderType: ByType, type: _DropdownMenu<Letter>}
2018-11-05 20:53:00.682949 <<< {isError: false, response: {}, type: _extensionType, method: ext.flutter.driver}
2018-11-05 20:53:00.683651 >>> {command: tap, timeout: 5000, finderType: ByValueKey, keyValueString: a, keyValueType: String}
2018-11-05 20:53:00.695007 <<< {isError: false, response: {}, type: _extensionType, method: ext.flutter.driver}
2018-11-05 20:53:00.695781 >>> {command: waitFor, timeout: 5000, finderType: ByType, type: _DropdownMenu<Letter>}
2018-11-05 20:53:01.015396 <<< {isError: false, response: {}, type: _extensionType, method: ext.flutter.driver}
2018-11-05 20:53:01.016031 >>> {command: tap, timeout: 5000, finderType: ByValueKey, keyValueString: a, keyValueType: String}
2018-11-05 20:53:01.045376 <<< {isError: false, response: {}, type: _extensionType, method: ext.flutter.driver}
2018-11-05 20:53:01.046247 >>> {command: waitForAbsent, timeout: 5000, finderType: ByType, type: _DropdownMenu<Letter>}
2018-11-05 20:53:01.369916 <<< {isError: false, response: {}, type: _extensionType, method: ext.flutter.driver}
2018-11-05 20:53:01.373758 >>> {command: tap, timeout: 5000, finderType: ByValueKey, keyValueString: enter-text-field, keyValueType: String}
2018-11-05 20:53:01.421903 <<< {isError: false, response: {}, type: _extensionType, method: ext.flutter.driver}
2018-11-05 20:53:01.425840 >>> {command: enter_text, timeout: 5000, text: Hello!}
2018-11-05 20:53:01.469742 <<< {isError: false, response: {}, type: _extensionType, method: ext.flutter.driver}
2018-11-05 20:53:01.470369 >>> {command: waitFor, timeout: 5000, finderType: ByText, text: Hello!}
2018-11-05 20:53:01.689519 <<< {isError: false, response: {}, type: _extensionType, method: ext.flutter.driver}
2018-11-05 20:53:01.691472 >>> {command: enter_text, timeout: 5000, text: World!}
2018-11-05 20:53:01.694885 <<< {isError: false, response: {}, type: _extensionType, method: ext.flutter.driver}
2018-11-05 20:53:01.695497 >>> {command: waitFor, timeout: 5000, finderType: ByText, text: World!}
2018-11-05 20:53:01.699239 <<< {isError: false, response: {}, type: _extensionType, method: ext.flutter.driver}
2018-11-05 20:57:58.022300 >>> {command: get_health, timeout: 5000}
2018-11-05 20:57:58.245973 <<< {isError: false, response: {status: ok}, type: _extensionType, method: ext.flutter.driver}
2018-11-05 20:57:58.260832 >>> {command: waitFor, timeout: 5000, finderType: ByText, text: present}
2018-11-05 20:57:58.678133 <<< {isError: false, response: {}, type: _extensionType, method: ext.flutter.driver}
2018-11-05 20:57:58.683188 >>> {command: waitForAbsent, timeout: 1000, finderType: ByText, text: present}
2018-11-05 20:57:59.749302 <<< {isError: true, response: Timeout while executing waitForAbsent: TimeoutException after 0:00:01.000000: Future not completed
#0      FlutterDriverExtension.call (package:flutter_driver/src/extension/extension.dart:180:31)
<asynchronous suspension>
#1      BindingBase.registerServiceExtension.<anonymous closure> (package:flutter/src/foundation/binding.dart:438:32)
<asynchronous suspension>
#2      _runExtension (dart:developer/runtime/libdeveloper.dart:86:23)
#3      RenderView.compositeFrame (package:flutter/src/rendering/view.dart:204:8)
#4      __DriverBinding&BindingBase&ServicesBinding&SchedulerBinding&GestureBinding&PaintingBinding&SemanticsBinding&RendererBinding.drawFrame (package:flutter/src/rendering/binding.dart:284:16)
#5      __DriverBinding&BindingBase&ServicesBinding&SchedulerBinding&GestureBinding&PaintingBinding&SemanticsBinding&RendererBinding&WidgetsBinding.drawFrame (package:flutter/src/widgets/binding.dart:674:13)
#6      __DriverBinding&BindingBase&ServicesBinding&SchedulerBinding&GestureBinding&PaintingBinding&SemanticsBinding&RendererBinding._handlePersistentFrameCallback (package:flutter/src/rendering/binding.dart:219:5)
#7      __DriverBinding&BindingBase&ServicesBinding&SchedulerBinding._invokeFrameCallback (package:flutter/src/scheduler/binding.dart:990:15)
#8      __DriverBinding&BindingBase&ServicesBinding&SchedulerBinding.handleDrawFrame (package:flutter/src/scheduler/binding.dart:930:9)
#9      __DriverBinding&BindingBase&ServicesBinding&SchedulerBinding._handleDrawFrame (package:flutter/src/scheduler/binding.dart:842:5)
#10     _invoke (dart:ui/hooks.dart:145:13)
#11     _drawFrame (dart:ui/hooks.dart:134:3)
, type: _extensionType, method: ext.flutter.driver}
2018-11-05 20:57:59.755407 >>> {command: waitForAbsent, timeout: 5000, finderType: ByText, text: present}
2018-11-05 20:58:00.762257 >>> {command: tap, timeout: 5000, finderType: ByValueKey, keyValueString: togglePresent, keyValueType: String}
2018-11-05 20:58:00.826360 <<< {isError: false, response: {}, type: _extensionType, method: ext.flutter.driver}
2018-11-05 20:58:01.034025 <<< {isError: false, response: {}, type: _extensionType, method: ext.flutter.driver}
2018-11-05 20:58:01.043215 >>> {command: waitFor, timeout: 1000, finderType: ByText, text: present}
2018-11-05 20:58:02.049588 <<< {isError: true, response: Timeout while executing waitFor: TimeoutException after 0:00:01.000000: Future not completed
#0      FlutterDriverExtension.call (package:flutter_driver/src/extension/extension.dart:180:31)
<asynchronous suspension>
#1      BindingBase.registerServiceExtension.<anonymous closure> (package:flutter/src/foundation/binding.dart:438:32)
<asynchronous suspension>
#2      _runExtension (dart:developer/runtime/libdeveloper.dart:86:23)
, type: _extensionType, method: ext.flutter.driver}
2018-11-05 20:58:02.051785 >>> {command: waitFor, timeout: 5000, finderType: ByText, text: present}
2018-11-05 20:58:03.057874 >>> {command: tap, timeout: 5000, finderType: ByValueKey, keyValueString: togglePresent, keyValueType: String}
2018-11-05 20:58:03.067851 <<< {isError: false, response: {}, type: _extensionType, method: ext.flutter.driver}
2018-11-05 20:58:03.272710 <<< {isError: false, response: {}, type: _extensionType, method: ext.flutter.driver}
2018-11-05 20:58:03.276642 >>> {command: waitForAbsent, timeout: 5000, finderType: ByText, text: that does not exist}
2018-11-05 20:58:03.279664 <<< {isError: false, response: {}, type: _extensionType, method: ext.flutter.driver}
2018-11-05 20:58:03.282136 >>> {command: waitForAbsent, timeout: 5000, finderType: ByType, type: _DropdownMenu<Letter>}
2018-11-05 20:58:03.298422 <<< {isError: false, response: {}, type: _extensionType, method: ext.flutter.driver}
2018-11-05 20:58:03.301981 >>> {command: tap, timeout: 5000, finderType: ByValueKey, keyValueString: a, keyValueType: String}
2018-11-05 20:58:03.313190 <<< {isError: false, response: {}, type: _extensionType, method: ext.flutter.driver}
2018-11-05 20:58:03.313760 >>> {command: waitFor, timeout: 5000, finderType: ByType, type: _DropdownMenu<Letter>}
2018-11-05 20:58:03.628233 <<< {isError: false, response: {}, type: _extensionType, method: ext.flutter.driver}
2018-11-05 20:58:03.630077 >>> {command: tap, timeout: 5000, finderType: ByValueKey, keyValueString: a, keyValueType: String}
2018-11-05 20:58:03.642222 <<< {isError: false, response: {}, type: _extensionType, method: ext.flutter.driver}
2018-11-05 20:58:03.642828 >>> {command: waitForAbsent, timeout: 5000, finderType: ByType, type: _DropdownMenu<Letter>}
2018-11-05 20:58:03.993051 <<< {isError: false, response: {}, type: _extensionType, method: ext.flutter.driver}
2018-11-05 20:58:03.996845 >>> {command: tap, timeout: 5000, finderType: ByValueKey, keyValueString: enter-text-field, keyValueType: String}
2018-11-05 20:58:04.032652 <<< {isError: false, response: {}, type: _extensionType, method: ext.flutter.driver}
2018-11-05 20:58:04.034193 >>> {command: enter_text, timeout: 5000, text: Hello!}
2018-11-05 20:58:04.065963 <<< {isError: false, response: {}, type: _extensionType, method: ext.flutter.driver}
2018-11-05 20:58:04.066533 >>> {command: waitFor, timeout: 5000, finderType: ByText, text: Hello!}
2018-11-05 20:58:04.253284 <<< {isError: false, response: {}, type: _extensionType, method: ext.flutter.driver}
2018-11-05 20:58:04.255504 >>> {command: enter_text, timeout: 5000, text: World!}
2018-11-05 20:58:04.258874 <<< {isError: false, response: {}, type: _extensionType, method: ext.flutter.driver}
2018-11-05 20:58:04.259491 >>> {command: waitFor, timeout: 5000, finderType: ByText, text: World!}
2018-11-05 20:58:04.262091 <<< {isError: false, response: {}, type: _extensionType, method: ext.flutter.driver}
2018-11-05 21:01:03.953772 >>> {command: get_health, timeout: 5000}
2018-11-05 21:01:04.161364 <<< {isError: false, response: {status: ok}, type: _extensionType, method: ext.flutter.driver}
2018-11-05 21:01:04.170486 >>> {command: waitFor, timeout: 5000, finderType: ByText, text: present}
2018-11-05 21:01:04.457017 <<< {isError: false, response: {}, type: _extensionType, method: ext.flutter.driver}
2018-11-05 21:01:04.462738 >>> {command: tap, timeout: 5000, finderType: ByValueKey, keyValueString: togglePresent, keyValueType: String}
2018-11-05 21:01:04.634023 <<< {isError: false, response: {}, type: _extensionType, method: ext.flutter.driver}
2018-11-05 21:01:04.635625 >>> {command: waitForAbsent, timeout: 1000, finderType: ByText, text: present}
2018-11-05 21:01:04.899132 <<< {isError: false, response: {}, type: _extensionType, method: ext.flutter.driver}
2018-11-05 21:01:04.933278 >>> {command: waitForAbsent, timeout: 5000, finderType: ByText, text: present}
2018-11-05 21:01:04.940318 <<< {isError: false, response: {}, type: _extensionType, method: ext.flutter.driver}
2018-11-05 21:01:05.943504 >>> {command: tap, timeout: 5000, finderType: ByValueKey, keyValueString: togglePresent, keyValueType: String}
2018-11-05 21:01:05.961911 <<< {isError: false, response: {}, type: _extensionType, method: ext.flutter.driver}
2018-11-05 21:01:05.965076 >>> {command: waitFor, timeout: 1000, finderType: ByText, text: present}
2018-11-05 21:01:06.167215 <<< {isError: false, response: {}, type: _extensionType, method: ext.flutter.driver}
2018-11-05 21:01:06.177426 >>> {command: waitFor, timeout: 5000, finderType: ByText, text: present}
2018-11-05 21:01:06.181178 <<< {isError: false, response: {}, type: _extensionType, method: ext.flutter.driver}
2018-11-05 21:01:07.181620 >>> {command: tap, timeout: 5000, finderType: ByValueKey, keyValueString: togglePresent, keyValueType: String}
2018-11-05 21:01:07.191762 <<< {isError: false, response: {}, type: _extensionType, method: ext.flutter.driver}
2018-11-05 21:01:07.195257 >>> {command: waitForAbsent, timeout: 5000, finderType: ByText, text: that does not exist}
2018-11-05 21:01:07.395757 <<< {isError: false, response: {}, type: _extensionType, method: ext.flutter.driver}
2018-11-05 21:01:07.400668 >>> {command: waitForAbsent, timeout: 5000, finderType: ByType, type: _DropdownMenu<Letter>}
2018-11-05 21:01:07.409575 <<< {isError: false, response: {}, type: _extensionType, method: ext.flutter.driver}
2018-11-05 21:01:07.410247 >>> {command: tap, timeout: 5000, finderType: ByValueKey, keyValueString: a, keyValueType: String}
2018-11-05 21:01:07.421537 <<< {isError: false, response: {}, type: _extensionType, method: ext.flutter.driver}
2018-11-05 21:01:07.422400 >>> {command: waitFor, timeout: 5000, finderType: ByType, type: _DropdownMenu<Letter>}
2018-11-05 21:01:07.730818 <<< {isError: false, response: {}, type: _extensionType, method: ext.flutter.driver}
2018-11-05 21:01:07.731769 >>> {command: tap, timeout: 5000, finderType: ByValueKey, keyValueString: a, keyValueType: String}
2018-11-05 21:01:07.744363 <<< {isError: false, response: {}, type: _extensionType, method: ext.flutter.driver}
2018-11-05 21:01:07.744915 >>> {command: waitForAbsent, timeout: 5000, finderType: ByType, type: _DropdownMenu<Letter>}
2018-11-05 21:01:08.095380 <<< {isError: false, response: {}, type: _extensionType, method: ext.flutter.driver}
2018-11-05 21:01:08.098242 >>> {command: tap, timeout: 5000, finderType: ByValueKey, keyValueString: enter-text-field, keyValueType: String}
2018-11-05 21:01:08.130227 <<< {isError: false, response: {}, type: _extensionType, method: ext.flutter.driver}
2018-11-05 21:01:08.133166 >>> {command: enter_text, timeout: 5000, text: Hello!}
2018-11-05 21:01:08.144515 <<< {isError: false, response: {}, type: _extensionType, method: ext.flutter.driver}
2018-11-05 21:01:08.145171 >>> {command: waitFor, timeout: 5000, finderType: ByText, text: Hello!}
2018-11-05 21:01:08.372266 <<< {isError: false, response: {}, type: _extensionType, method: ext.flutter.driver}
2018-11-05 21:01:08.375646 >>> {command: enter_text, timeout: 5000, text: World!}
2018-11-05 21:01:08.383514 <<< {isError: false, response: {}, type: _extensionType, method: ext.flutter.driver}
2018-11-05 21:01:08.384275 >>> {command: waitFor, timeout: 5000, finderType: ByText, text: World!}
2018-11-05 21:01:08.393759 <<< {isError: false, response: {}, type: _extensionType, method: ext.flutter.driver}
2018-11-05 21:03:29.029867 >>> {command: get_health, timeout: 5000}
2018-11-05 21:03:29.270345 <<< {isError: false, response: {status: ok}, type: _extensionType, method: ext.flutter.driver}
2018-11-05 21:03:29.280025 >>> {command: waitFor, timeout: 5000, finderType: ByText, text: present}
2018-11-05 21:03:29.539548 <<< {isError: false, response: {}, type: _extensionType, method: ext.flutter.driver}
2018-11-05 21:03:29.549108 >>> {command: waitForAbsent, timeout: 1000, finderType: ByText, text: present}
2018-11-05 21:03:30.582651 <<< {isError: true, response: Timeout while executing waitForAbsent: TimeoutException after 0:00:01.000000: Future not completed
#0      FlutterDriverExtension.call (package:flutter_driver/src/extension/extension.dart:180:31)
<asynchronous suspension>
#1      BindingBase.registerServiceExtension.<anonymous closure> (package:flutter/src/foundation/binding.dart:438:32)
<asynchronous suspension>
#2      _runExtension (dart:developer/runtime/libdeveloper.dart:86:23)
, type: _extensionType, method: ext.flutter.driver}
2018-11-05 21:03:30.593171 >>> {command: waitForAbsent, timeout: 1000, finderType: ByText, text: present}
2018-11-05 21:03:31.599761 >>> {command: tap, timeout: 5000, finderType: ByValueKey, keyValueString: togglePresent, keyValueType: String}
2018-11-05 21:03:31.602860 <<< {isError: true, response: Timeout while executing waitForAbsent: TimeoutException after 0:00:01.000000: Future not completed
#0      FlutterDriverExtension.call (package:flutter_driver/src/extension/extension.dart:180:31)
<asynchronous suspension>
#1      BindingBase.registerServiceExtension.<anonymous closure> (package:flutter/src/foundation/binding.dart:438:32)
<asynchronous suspension>
#2      _runExtension (dart:developer/runtime/libdeveloper.dart:86:23)
, type: _extensionType, method: ext.flutter.driver}
2018-11-05 21:03:31.639653 >>> {command: waitFor, timeout: 1000, finderType: ByText, text: present}
2018-11-05 21:03:31.684056 <<< {isError: false, response: {}, type: _extensionType, method: ext.flutter.driver}
2018-11-05 21:03:32.687598 <<< {isError: true, response: Timeout while executing waitFor: TimeoutException after 0:00:01.000000: Future not completed
#0      FlutterDriverExtension.call (package:flutter_driver/src/extension/extension.dart:180:31)
<asynchronous suspension>
#1      BindingBase.registerServiceExtension.<anonymous closure> (package:flutter/src/foundation/binding.dart:438:32)
<asynchronous suspension>
#2      _runExtension (dart:developer/runtime/libdeveloper.dart:86:23)
#3      new PointerDownEvent (package:flutter/src/gestures/events.dart:412:3)
#4      TestPointer.down (package:flutter_test/src/test_pointer.dart:55:12)
#5      TestGesture.down.<anonymous closure> (package:flutter_test/src/test_pointer.dart:149:36)
<asynchronous suspension>
#6      _rootRun (dart:async/zone.dart:1124:13)
#7      _CustomZone.run (dart:async/zone.dart:1021:19)
#8      TestAsyncUtils.guard (package:flutter_test/src/test_async_utils.dart:69:41)
#9      TestGesture.down (package:flutter_test/src/test_pointer.dart:145:27)
<asynchronous suspension>
#10     WidgetController.startGesture (package:flutter_test/src/controller.dart:451:24)
#11     WidgetController.tapAt.<anonymous closure> (package:flutter_test/src/controller.dart:266:41)
<asynchronous suspension>
#12     _rootRun (dart:async/zone.dart:1124:13)
#13     _CustomZone.run (dart:async/zone.dart:1021:19)
#14     TestAsyncUtils.guard (package:flutter_test/src/test_async_utils.dart:69:41)
#15     WidgetController.tapAt (package:flutter_test/src/controller.dart:265:27)
#16     WidgetController.tap (package:flutter_test/src/controller.dart:260:12)
#17     FlutterDriverExtension._tap (package:flutter_driver/src/extension/extension.dart:304:19)
<asynchronous suspension>
#18     FlutterDriverExtension.call (package:flutter_driver/src/extension/extension.dart:180:51)
<asynchronous suspension>
#19     BindingBase.registerServiceExtension.<anonymous closure> (package:flutter/src/foundation/binding.dart:438:32)
<asynchronous suspension>
#20     _runExtension (dart:developer/runtime/libdeveloper.dart:86:23)
, type: _extensionType, method: ext.flutter.driver}
2018-11-05 21:03:32.691404 >>> {command: waitFor, timeout: 5000, finderType: ByText, text: present}
2018-11-05 21:03:33.698601 >>> {command: tap, timeout: 5000, finderType: ByValueKey, keyValueString: togglePresent, keyValueType: String}
2018-11-05 21:03:33.708434 <<< {isError: false, response: {}, type: _extensionType, method: ext.flutter.driver}
2018-11-05 21:03:33.913254 <<< {isError: false, response: {}, type: _extensionType, method: ext.flutter.driver}
2018-11-05 21:03:33.916822 >>> {command: waitForAbsent, timeout: 5000, finderType: ByText, text: that does not exist}
2018-11-05 21:03:33.922235 <<< {isError: false, response: {}, type: _extensionType, method: ext.flutter.driver}
2018-11-05 21:03:33.933338 >>> {command: waitForAbsent, timeout: 5000, finderType: ByType, type: _DropdownMenu<Letter>}
2018-11-05 21:03:33.941023 <<< {isError: false, response: {}, type: _extensionType, method: ext.flutter.driver}
2018-11-05 21:03:33.941584 >>> {command: tap, timeout: 5000, finderType: ByValueKey, keyValueString: a, keyValueType: String}
2018-11-05 21:03:33.955773 <<< {isError: false, response: {}, type: _extensionType, method: ext.flutter.driver}
2018-11-05 21:03:33.956397 >>> {command: waitFor, timeout: 5000, finderType: ByType, type: _DropdownMenu<Letter>}
2018-11-05 21:03:34.284670 <<< {isError: false, response: {}, type: _extensionType, method: ext.flutter.driver}
2018-11-05 21:03:34.286587 >>> {command: tap, timeout: 5000, finderType: ByValueKey, keyValueString: a, keyValueType: String}
2018-11-05 21:03:34.304385 <<< {isError: false, response: {}, type: _extensionType, method: ext.flutter.driver}
2018-11-05 21:03:34.306016 >>> {command: waitForAbsent, timeout: 5000, finderType: ByType, type: _DropdownMenu<Letter>}
2018-11-05 21:03:34.649138 <<< {isError: false, response: {}, type: _extensionType, method: ext.flutter.driver}
2018-11-05 21:03:34.652555 >>> {command: tap, timeout: 5000, finderType: ByValueKey, keyValueString: enter-text-field, keyValueType: String}
2018-11-05 21:03:34.683665 <<< {isError: false, response: {}, type: _extensionType, method: ext.flutter.driver}
2018-11-05 21:03:34.685175 >>> {command: enter_text, timeout: 5000, text: Hello!}
2018-11-05 21:03:34.696550 <<< {isError: false, response: {}, type: _extensionType, method: ext.flutter.driver}
2018-11-05 21:03:34.699665 >>> {command: waitFor, timeout: 5000, finderType: ByText, text: Hello!}
2018-11-05 21:03:34.932905 <<< {isError: false, response: {}, type: _extensionType, method: ext.flutter.driver}
2018-11-05 21:03:34.935026 >>> {command: enter_text, timeout: 5000, text: World!}
2018-11-05 21:03:34.942450 <<< {isError: false, response: {}, type: _extensionType, method: ext.flutter.driver}
2018-11-05 21:03:34.943260 >>> {command: waitFor, timeout: 5000, finderType: ByText, text: World!}
2018-11-05 21:03:34.947517 <<< {isError: false, response: {}, type: _extensionType, method: ext.flutter.driver}
2018-11-05 21:04:18.731431 >>> {command: get_health, timeout: 5000}
2018-11-05 21:04:18.951116 <<< {isError: false, response: {status: ok}, type: _extensionType, method: ext.flutter.driver}
2018-11-05 21:04:18.961967 >>> {command: waitFor, timeout: 5000, finderType: ByText, text: present}
2018-11-05 21:04:19.316583 <<< {isError: false, response: {}, type: _extensionType, method: ext.flutter.driver}
2018-11-05 21:04:19.321738 >>> {command: waitForAbsent, timeout: 1000, finderType: ByText, text: present}
2018-11-05 21:04:20.398582 <<< {isError: true, response: Timeout while executing waitForAbsent: TimeoutException after 0:00:01.000000: Future not completed
#0      FlutterDriverExtension.call (package:flutter_driver/src/extension/extension.dart:180:31)
<asynchronous suspension>
#1      BindingBase.registerServiceExtension.<anonymous closure> (package:flutter/src/foundation/binding.dart:438:32)
<asynchronous suspension>
#2      _runExtension (dart:developer/runtime/libdeveloper.dart:86:23)
#3      new _HashSetIterator (dart:collection/runtime/libcollection_patch.dart:829:3)
#4      _HashSet.iterator (dart:collection/runtime/libcollection_patch.dart:573:35)
#5      SetMixin.toList (dart:collection/set.dart)
#6      _InactiveElements._unmountAll (package:flutter/src/widgets/framework.dart:1702:46)
#7      BuildOwner.finalizeTree.<anonymous closure> (package:flutter/src/widgets/framework.dart:2358:27)
#8      BuildOwner.lockState (package:flutter/src/widgets/framework.dart:2190:15)
#9      BuildOwner.finalizeTree (package:flutter/src/widgets/framework.dart:2357:7)
#10     __DriverBinding&BindingBase&ServicesBinding&SchedulerBinding&GestureBinding&PaintingBinding&SemanticsBinding&RendererBinding&WidgetsBinding.drawFrame (package:flutter/src/widgets/binding.dart:675:18)
#11     __DriverBinding&BindingBase&ServicesBinding&SchedulerBinding&GestureBinding&PaintingBinding&SemanticsBinding&RendererBinding._handlePersistentFrameCallback (package:flutter/src/rendering/binding.dart:219:5)
#12     __DriverBinding&BindingBase&ServicesBinding&SchedulerBinding._invokeFrameCallback (package:flutter/src/scheduler/binding.dart:990:15)
#13     __DriverBinding&BindingBase&ServicesBinding&SchedulerBinding.handleDrawFrame (package:flutter/src/scheduler/binding.dart:930:9)
#14     __DriverBinding&BindingBase&ServicesBinding&SchedulerBinding._handleDrawFrame (package:flutter/src/scheduler/binding.dart:842:5)
#15     _invoke (dart:ui/hooks.dart:145:13)
#16     _drawFrame (dart:ui/hooks.dart:134:3)
, type: _extensionType, method: ext.flutter.driver}
2018-11-05 21:04:20.405679 >>> {command: waitForAbsent, timeout: 3000, finderType: ByText, text: present}
2018-11-05 21:04:21.412953 >>> {command: tap, timeout: 5000, finderType: ByValueKey, keyValueString: togglePresent, keyValueType: String}
2018-11-05 21:04:21.472880 <<< {isError: false, response: {}, type: _extensionType, method: ext.flutter.driver}
2018-11-05 21:04:21.687295 <<< {isError: false, response: {}, type: _extensionType, method: ext.flutter.driver}
2018-11-05 21:04:21.691018 >>> {command: waitFor, timeout: 1000, finderType: ByText, text: present}
2018-11-05 21:04:22.699573 <<< {isError: true, response: Timeout while executing waitFor: TimeoutException after 0:00:01.000000: Future not completed
#0      FlutterDriverExtension.call (package:flutter_driver/src/extension/extension.dart:180:31)
<asynchronous suspension>
#1      BindingBase.registerServiceExtension.<anonymous closure> (package:flutter/src/foundation/binding.dart:438:32)
<asynchronous suspension>
#2      _runExtension (dart:developer/runtime/libdeveloper.dart:86:23)
, type: _extensionType, method: ext.flutter.driver}
2018-11-05 21:04:22.704420 >>> {command: waitFor, timeout: 5000, finderType: ByText, text: present}
2018-11-05 21:04:23.707841 >>> {command: tap, timeout: 5000, finderType: ByValueKey, keyValueString: togglePresent, keyValueType: String}
2018-11-05 21:04:23.717125 <<< {isError: false, response: {}, type: _extensionType, method: ext.flutter.driver}
2018-11-05 21:04:23.930609 <<< {isError: false, response: {}, type: _extensionType, method: ext.flutter.driver}
2018-11-05 21:04:23.934228 >>> {command: waitForAbsent, timeout: 5000, finderType: ByText, text: that does not exist}
2018-11-05 21:04:23.946364 <<< {isError: false, response: {}, type: _extensionType, method: ext.flutter.driver}
2018-11-05 21:04:23.952911 >>> {command: waitForAbsent, timeout: 5000, finderType: ByType, type: _DropdownMenu<Letter>}
2018-11-05 21:04:23.963404 <<< {isError: false, response: {}, type: _extensionType, method: ext.flutter.driver}
2018-11-05 21:04:23.964740 >>> {command: tap, timeout: 5000, finderType: ByValueKey, keyValueString: a, keyValueType: String}
2018-11-05 21:04:23.983292 <<< {isError: false, response: {}, type: _extensionType, method: ext.flutter.driver}
2018-11-05 21:04:23.983896 >>> {command: waitFor, timeout: 5000, finderType: ByType, type: _DropdownMenu<Letter>}
2018-11-05 21:04:24.434110 <<< {isError: false, response: {}, type: _extensionType, method: ext.flutter.driver}
2018-11-05 21:04:24.435169 >>> {command: tap, timeout: 5000, finderType: ByValueKey, keyValueString: a, keyValueType: String}
2018-11-05 21:04:24.467363 <<< {isError: false, response: {}, type: _extensionType, method: ext.flutter.driver}
2018-11-05 21:04:24.468832 >>> {command: waitForAbsent, timeout: 5000, finderType: ByType, type: _DropdownMenu<Letter>}
2018-11-05 21:04:24.812744 <<< {isError: false, response: {}, type: _extensionType, method: ext.flutter.driver}
2018-11-05 21:04:24.816150 >>> {command: tap, timeout: 5000, finderType: ByValueKey, keyValueString: enter-text-field, keyValueType: String}
2018-11-05 21:04:24.856278 <<< {isError: false, response: {}, type: _extensionType, method: ext.flutter.driver}
2018-11-05 21:04:24.858131 >>> {command: enter_text, timeout: 5000, text: Hello!}
2018-11-05 21:04:24.875734 <<< {isError: false, response: {}, type: _extensionType, method: ext.flutter.driver}
2018-11-05 21:04:24.876678 >>> {command: waitFor, timeout: 5000, finderType: ByText, text: Hello!}
2018-11-05 21:04:25.091839 <<< {isError: false, response: {}, type: _extensionType, method: ext.flutter.driver}
2018-11-05 21:04:25.093956 >>> {command: enter_text, timeout: 5000, text: World!}
2018-11-05 21:04:25.096746 <<< {isError: false, response: {}, type: _extensionType, method: ext.flutter.driver}
2018-11-05 21:04:25.097366 >>> {command: waitFor, timeout: 5000, finderType: ByText, text: World!}
2018-11-05 21:04:25.101145 <<< {isError: false, response: {}, type: _extensionType, method: ext.flutter.driver}
2018-11-05 21:15:24.683905 >>> {command: get_health, timeout: 5000}
2018-11-05 21:15:24.952105 <<< {isError: false, response: {status: ok}, type: _extensionType, method: ext.flutter.driver}
2018-11-05 21:15:24.960913 >>> {command: waitFor, timeout: 5000, finderType: ByText, text: present}
2018-11-05 21:15:25.351229 <<< {isError: false, response: {}, type: _extensionType, method: ext.flutter.driver}
2018-11-05 21:15:25.364391 >>> {command: waitForAbsent, timeout: 1000, finderType: ByText, text: present}
2018-11-05 21:15:26.396989 <<< {isError: true, response: Timeout while executing waitForAbsent: TimeoutException after 0:00:01.000000: Future not completed
#0      FlutterDriverExtension.call (package:flutter_driver/src/extension/extension.dart:180:31)
<asynchronous suspension>
#1      BindingBase.registerServiceExtension.<anonymous closure> (package:flutter/src/foundation/binding.dart:438:32)
<asynchronous suspension>
#2      _runExtension (dart:developer/runtime/libdeveloper.dart:86:23)
, type: _extensionType, method: ext.flutter.driver}
2018-11-05 21:15:26.403127 >>> {command: waitForAbsent, timeout: 3000, finderType: ByText, text: present}
2018-11-05 21:15:27.412214 >>> {command: tap, timeout: 5000, finderType: ByValueKey, keyValueString: togglePresent, keyValueType: String}
2018-11-05 21:15:27.472357 <<< {isError: false, response: {}, type: _extensionType, method: ext.flutter.driver}
2018-11-05 21:15:27.679944 <<< {isError: false, response: {}, type: _extensionType, method: ext.flutter.driver}
2018-11-05 21:15:27.687365 >>> {command: waitFor, timeout: 1000, finderType: ByText, text: present}
2018-11-05 21:15:28.692868 <<< {isError: true, response: Timeout while executing waitFor: TimeoutException after 0:00:01.000000: Future not completed
#0      FlutterDriverExtension.call (package:flutter_driver/src/extension/extension.dart:180:31)
<asynchronous suspension>
#1      BindingBase.registerServiceExtension.<anonymous closure> (package:flutter/src/foundation/binding.dart:438:32)
<asynchronous suspension>
#2      _runExtension (dart:developer/runtime/libdeveloper.dart:86:23)
, type: _extensionType, method: ext.flutter.driver}
2018-11-05 21:15:28.696044 >>> {command: waitFor, timeout: 5000, finderType: ByText, text: present}
2018-11-05 21:15:29.702036 >>> {command: tap, timeout: 5000, finderType: ByValueKey, keyValueString: togglePresent, keyValueType: String}
2018-11-05 21:15:29.712016 <<< {isError: false, response: {}, type: _extensionType, method: ext.flutter.driver}
2018-11-05 21:15:29.934980 <<< {isError: false, response: {}, type: _extensionType, method: ext.flutter.driver}
2018-11-05 21:15:29.939299 >>> {command: waitForAbsent, timeout: 3000, finderType: ByText, text: that does not exist}
2018-11-05 21:15:29.947983 <<< {isError: false, response: {}, type: _extensionType, method: ext.flutter.driver}
2018-11-05 21:15:29.951779 >>> {command: waitForAbsent, timeout: 5000, finderType: ByType, type: _DropdownMenu<Letter>}
2018-11-05 21:15:29.957930 <<< {isError: false, response: {}, type: _extensionType, method: ext.flutter.driver}
2018-11-05 21:15:29.958563 >>> {command: tap, timeout: 5000, finderType: ByValueKey, keyValueString: a, keyValueType: String}
2018-11-05 21:15:29.972413 <<< {isError: false, response: {}, type: _extensionType, method: ext.flutter.driver}
2018-11-05 21:15:29.972996 >>> {command: waitFor, timeout: 5000, finderType: ByType, type: _DropdownMenu<Letter>}
2018-11-05 21:15:30.304971 <<< {isError: false, response: {}, type: _extensionType, method: ext.flutter.driver}
2018-11-05 21:15:30.306906 >>> {command: tap, timeout: 5000, finderType: ByValueKey, keyValueString: a, keyValueType: String}
2018-11-05 21:15:30.317460 <<< {isError: false, response: {}, type: _extensionType, method: ext.flutter.driver}
2018-11-05 21:15:30.317996 >>> {command: waitForAbsent, timeout: 5000, finderType: ByType, type: _DropdownMenu<Letter>}
2018-11-05 21:15:30.670640 <<< {isError: false, response: {}, type: _extensionType, method: ext.flutter.driver}
2018-11-05 21:15:30.674477 >>> {command: tap, timeout: 5000, finderType: ByValueKey, keyValueString: enter-text-field, keyValueType: String}
2018-11-05 21:15:30.704949 <<< {isError: false, response: {}, type: _extensionType, method: ext.flutter.driver}
2018-11-05 21:15:30.706468 >>> {command: enter_text, timeout: 5000, text: Hello!}
2018-11-05 21:15:30.716026 <<< {isError: false, response: {}, type: _extensionType, method: ext.flutter.driver}
2018-11-05 21:15:30.716820 >>> {command: waitFor, timeout: 5000, finderType: ByText, text: Hello!}
2018-11-05 21:15:30.947018 <<< {isError: false, response: {}, type: _extensionType, method: ext.flutter.driver}
2018-11-05 21:15:30.949036 >>> {command: enter_text, timeout: 5000, text: World!}
2018-11-05 21:15:30.953491 <<< {isError: false, response: {}, type: _extensionType, method: ext.flutter.driver}
2018-11-05 21:15:30.954233 >>> {command: waitFor, timeout: 5000, finderType: ByText, text: World!}
2018-11-05 21:15:30.956721 <<< {isError: false, response: {}, type: _extensionType, method: ext.flutter.driver}
2018-11-05 21:17:16.083811 >>> {command: get_health, timeout: 5000}
2018-11-05 21:17:16.296327 <<< {isError: false, response: {status: ok}, type: _extensionType, method: ext.flutter.driver}
2018-11-05 21:17:16.305611 >>> {command: waitFor, timeout: 5000, finderType: ByText, text: present}
2018-11-05 21:17:16.602377 <<< {isError: false, response: {}, type: _extensionType, method: ext.flutter.driver}
2018-11-05 21:17:16.608022 >>> {command: waitForAbsent, timeout: 1000, finderType: ByText, text: present}
2018-11-05 21:17:17.637281 <<< {isError: true, response: Timeout while executing waitForAbsent: TimeoutException after 0:00:01.000000: Future not completed
#0      FlutterDriverExtension.call (package:flutter_driver/src/extension/extension.dart:180:31)
<asynchronous suspension>
#1      BindingBase.registerServiceExtension.<anonymous closure> (package:flutter/src/foundation/binding.dart:438:32)
<asynchronous suspension>
#2      _runExtension (dart:developer/runtime/libdeveloper.dart:86:23)
, type: _extensionType, method: ext.flutter.driver}
2018-11-05 21:17:17.643412 >>> {command: waitForAbsent, timeout: 3000, finderType: ByText, text: present}
2018-11-05 21:17:18.652984 >>> {command: tap, timeout: 5000, finderType: ByValueKey, keyValueString: togglePresent, keyValueType: String}
2018-11-05 21:17:18.714567 <<< {isError: false, response: {}, type: _extensionType, method: ext.flutter.driver}
2018-11-05 21:17:18.942534 <<< {isError: false, response: {}, type: _extensionType, method: ext.flutter.driver}
2018-11-05 21:17:18.946573 >>> {command: waitFor, timeout: 1000, finderType: ByText, text: present}
2018-11-05 21:17:19.952492 <<< {isError: true, response: Timeout while executing waitFor: TimeoutException after 0:00:01.000000: Future not completed
#0      FlutterDriverExtension.call (package:flutter_driver/src/extension/extension.dart:180:31)
<asynchronous suspension>
#1      BindingBase.registerServiceExtension.<anonymous closure> (package:flutter/src/foundation/binding.dart:438:32)
<asynchronous suspension>
#2      _runExtension (dart:developer/runtime/libdeveloper.dart:86:23)
, type: _extensionType, method: ext.flutter.driver}
2018-11-05 21:17:19.957755 >>> {command: waitFor, timeout: 5000, finderType: ByText, text: present}
2018-11-05 21:17:20.965314 >>> {command: tap, timeout: 5000, finderType: ByValueKey, keyValueString: togglePresent, keyValueType: String}
2018-11-05 21:17:20.975032 <<< {isError: false, response: {}, type: _extensionType, method: ext.flutter.driver}
2018-11-05 21:17:21.182427 <<< {isError: false, response: {}, type: _extensionType, method: ext.flutter.driver}
2018-11-05 21:17:21.187437 >>> {command: waitForAbsent, timeout: 3000, finderType: ByText, text: that does not exist}
2018-11-05 21:17:21.195077 <<< {isError: false, response: {}, type: _extensionType, method: ext.flutter.driver}
2018-11-05 21:17:21.198088 >>> {command: waitForAbsent, timeout: 5000, finderType: ByType, type: _DropdownMenu<Letter>}
2018-11-05 21:17:21.217261 <<< {isError: false, response: {}, type: _extensionType, method: ext.flutter.driver}
2018-11-05 21:17:21.217906 >>> {command: tap, timeout: 5000, finderType: ByValueKey, keyValueString: a, keyValueType: String}
2018-11-05 21:17:21.237238 <<< {isError: false, response: {}, type: _extensionType, method: ext.flutter.driver}
2018-11-05 21:17:21.237909 >>> {command: tap, timeout: 5000, finderType: ByValueKey, keyValueString: a, keyValueType: String}
2018-11-05 21:17:21.558884 <<< {isError: false, response: {}, type: _extensionType, method: ext.flutter.driver}
2018-11-05 21:17:21.561012 >>> {command: waitFor, timeout: 5000, finderType: ByType, type: _DropdownMenu<Letter>}
2018-11-05 21:17:26.596642 <<< {isError: true, response: Timeout while executing waitFor: TimeoutException after 0:00:05.000000: Future not completed
#0      FlutterDriverExtension.call (package:flutter_driver/src/extension/extension.dart:180:31)
<asynchronous suspension>
#1      BindingBase.registerServiceExtension.<anonymous closure> (package:flutter/src/foundation/binding.dart:438:32)
<asynchronous suspension>
#2      _runExtension (dart:developer/runtime/libdeveloper.dart:86:23)
#3      BinaryMessages.send (package:flutter/src/services/platform_messages.dart:84:3)
#4      MethodChannel.invokeMethod (package:flutter/src/services/platform_channel.dart:273:49)
<asynchronous suspension>
#5      OptionalMethodChannel.invokeMethod (package:flutter/src/services/platform_channel.dart:358:26)
<asynchronous suspension>
#6      SystemChrome.setApplicationSwitcherDescription (package:flutter/src/services/system_chrome.dart:253:35)
<asynchronous suspension>
#7      Title.build (package:flutter/src/widgets/title.dart:43:18)
#8      StatelessElement.build (package:flutter/src/widgets/framework.dart:3735:28)
#9      ComponentElement.performRebuild (package:flutter/src/widgets/framework.dart:3682:15)
#10     Element.rebuild (package:flutter/src/widgets/framework.dart:3530:5)
#11     StatelessElement.update (package:flutter/src/widgets/framework.dart:3742:5)
#12     Element.updateChild (package:flutter/src/widgets/framework.dart:2728:15)
#13     ComponentElement.performRebuild (package:flutter/src/widgets/framework.dart:3693:16)
#14     Element.rebuild (package:flutter/src/widgets/framework.dart:3530:5)
#15     ProxyElement.update (package:flutter/src/widgets/framework.dart:3951:5)
#16     Element.updateChild (package:flutter/src/widgets/framework.dart:2728:15)
#17     ComponentElement.performRebuild (package:flutter/src/widgets/framework.dart:3693:16)
#18     Element.rebuild (package:flutter/src/widgets/framework.dart:3530:5)
#19     ProxyElement.update (package:flutter/src/widgets/framework.dart:3951:5)
#20     Element.updateChild (package:flutter/src/widgets/framework.dart:2728:15)
#21     SingleChildRenderObjectElement.update (package:flutter/src/widgets/framework.dart:4807:14)
#22     Element.updateChild (package:flutter/src/widgets/framework.dart:2728:15)
#23     ComponentElement.performRebuild (package:flutter/src/widgets/framework.dart:3693:16)
#24     Element.rebuild (package:flutter/src/widgets/framework.dart:3530:5)
#25     StatefulElement.update (package:flutter/src/widgets/framework.dart:3839:5)
#26     Element.updateChild (package:flutter/src/widgets/framework.dart:2728:15)
#27     ComponentElement.performRebuild (package:flutter/src/widgets/framework.dart:3693:16)
#28     Element.rebuild (package:flutter/src/widgets/framework.dart:3530:5)
#29     ProxyElement.update (package:flutter/src/widgets/framework.dart:3951:5)
#30     Element.updateChild (package:flutter/src/widgets/framework.dart:2728:15)
#31     ComponentElement.performRebuild (package:flutter/src/widgets/framework.dart:3693:16)
#32     Element.rebuild (package:flutter/src/widgets/framework.dart:3530:5)
#33     StatefulElement.update (package:flutter/src/widgets/framework.dart:3839:5)
#34     Element.updateChild (package:flutter/src/widgets/framework.dart:2728:15)
#35     ComponentElement.performRebuild (package:flutter/src/widgets/framework.dart:3693:16)
#36     Element.rebuild (package:flutter/src/widgets/framework.dart:3530:5)
#37     ProxyElement.update (package:flutter/src/widgets/framework.dart:3951:5)
#38     Element.updateChild (package:flutter/src/widgets/framework.dart:2728:15)
#39     ComponentElement.performRebuild (package:flutter/src/widgets/framework.dart:3693:16)
#40     Element.rebuild (package:flutter/src/widgets/framework.dart:3530:5)
#41     ProxyElement.update (package:flutter/src/widgets/framework.dart:3951:5)
#42     Element.updateChild (package:flutter/src/widgets/framework.dart:2728:15)
#43     ComponentElement.performRebuild (package:flutter/src/widgets/framework.dart:3693:16)
#44     Element.rebuild (package:flutter/src/widgets/framework.dart:3530:5)
#45     StatelessElement.update (package:flutter/src/widgets/framework.dart:3742:5)
#46     Element.updateChild (package:flutter/src/widgets/framework.dart:2728:15)
#47     ComponentElement.performRebuild (package:flutter/src/widgets/framework.dart:3693:16)
#48     Element.rebuild (package:flutter/src/widgets/framework.dart:3530:5)
#49     StatefulElement.update (package:flutter/src/widgets/framework.dart:3839:5)
#50     Element.updateChild (package:flutter/src/widgets/framework.dart:2728:15)
#51     ComponentElement.performRebuild (package:flutter/src/widgets/framework.dart:3693:16)
#52     Element.rebuild (package:flutter/src/widgets/framework.dart:3530:5)
#53     ProxyElement.update (package:flutter/src/widgets/framework.dart:3951:5)
#54     Element.updateChild (package:flutter/src/widgets/framework.dart:2728:15)
#55     ComponentElement.performRebuild (package:flutter/src/widgets/framework.dart:3693:16)
#56     Element.rebuild (package:flutter/src/widgets/framework.dart:3530:5)
#57     StatefulElement.update (package:flutter/src/widgets/framework.dart:3839:5)
#58     Element.updateChild (package:flutter/src/widgets/framework.dart:2728:15)
#59     ComponentElement.performRebuild (package:flutter/src/widgets/framework.dart:3693:16)
#60     Element.rebuild (package:flutter/src/widgets/framework.dart:3530:5)
#61     BuildOwner.buildScope (package:flutter/src/widgets/framework.dart:2272:33)
#62     __DriverBinding&BindingBase&ServicesBinding&SchedulerBinding&GestureBinding&PaintingBinding&SemanticsBinding&RendererBinding&WidgetsBinding.drawFrame (package:flutter/src/widgets/binding.dart:673:20)
#63     __DriverBinding&BindingBase&ServicesBinding&SchedulerBinding&GestureBinding&PaintingBinding&SemanticsBinding&RendererBinding._handlePersistentFrameCallback (package:flutter/src/rendering/binding.dart:219:5)
#64     __DriverBinding&BindingBase&ServicesBinding&SchedulerBinding._invokeFrameCallback (package:flutter/src/scheduler/binding.dart:990:15)
#65     __DriverBinding&BindingBase&ServicesBinding&SchedulerBinding.handleDrawFrame (package:flutter/src/scheduler/binding.dart:930:9)
#66     __DriverBinding&BindingBase&ServicesBinding&SchedulerBinding._handleDrawFrame (package:flutter/src/scheduler/binding.dart:842:5)
#67     _invoke (dart:ui/hooks.dart:145:13)
#68     _drawFrame (dart:ui/hooks.dart:134:3)
, type: _extensionType, method: ext.flutter.driver}
2018-11-05 21:17:26.628770 >>> {command: tap, timeout: 5000, finderType: ByValueKey, keyValueString: enter-text-field, keyValueType: String}
2018-11-05 21:17:26.657884 <<< {isError: false, response: {}, type: _extensionType, method: ext.flutter.driver}
2018-11-05 21:17:26.661437 >>> {command: enter_text, timeout: 5000, text: Hello!}
2018-11-05 21:17:26.694585 <<< {isError: false, response: {}, type: _extensionType, method: ext.flutter.driver}
2018-11-05 21:17:26.695364 >>> {command: waitFor, timeout: 5000, finderType: ByText, text: Hello!}
2018-11-05 21:17:26.872263 <<< {isError: false, response: {}, type: _extensionType, method: ext.flutter.driver}
2018-11-05 21:17:26.872900 >>> {command: enter_text, timeout: 5000, text: World!}
2018-11-05 21:17:26.875687 <<< {isError: false, response: {}, type: _extensionType, method: ext.flutter.driver}
2018-11-05 21:17:26.876298 >>> {command: waitFor, timeout: 5000, finderType: ByText, text: World!}
2018-11-05 21:17:26.881340 <<< {isError: false, response: {}, type: _extensionType, method: ext.flutter.driver}
2018-11-05 21:31:59.450317 >>> {command: get_health, timeout: 5000}
2018-11-05 21:31:59.635362 <<< {isError: false, response: {status: ok}, type: _extensionType, method: ext.flutter.driver}
2018-11-05 21:31:59.652170 >>> {command: request_data, timeout: 5000, message: status}
2018-11-05 21:31:59.865591 <<< {isError: false, response: {message: log: paint}, type: _extensionType, method: ext.flutter.driver}
2018-11-05 21:31:59.872151 >>> {command: waitForAbsent, timeout: 0, finderType: ByType, type: PerformanceOverlay}
2018-11-05 21:31:59.900153 <<< {isError: false, response: {}, type: _extensionType, method: ext.flutter.driver}
2018-11-06 10:13:23.788525 >>> {command: get_health, timeout: 5000}
2018-11-06 10:13:23.936422 <<< {isError: false, response: {status: ok}, type: _extensionType, method: ext.flutter.driver}
2018-11-06 10:13:23.946018 >>> {command: request_data, timeout: 5000, message: status}
2018-11-06 10:13:24.222971 <<< {isError: false, response: {message: log: paint}, type: _extensionType, method: ext.flutter.driver}
2018-11-06 10:14:07.560839 >>> {command: get_health, timeout: 5000}
2018-11-06 10:14:07.689837 <<< {isError: false, response: {status: ok}, type: _extensionType, method: ext.flutter.driver}
2018-11-06 10:14:07.702083 >>> {command: request_data, timeout: 5000, message: status}
2018-11-06 10:14:07.859288 <<< {isError: false, response: {message: log: paint}, type: _extensionType, method: ext.flutter.driver}
2018-11-06 10:14:07.864309 >>> {command: waitForAbsent, timeout: 0, finderType: ByType, type: PerformanceOverlay}
2018-11-06 10:14:07.882555 <<< {isError: false, response: {}, type: _extensionType, method: ext.flutter.driver}
2018-11-06 10:17:39.089331 >>> {command: get_health, timeout: 5000}
2018-11-06 10:17:39.243628 <<< {isError: false, response: {status: ok}, type: _extensionType, method: ext.flutter.driver}
2018-11-06 10:17:39.253252 >>> {command: request_data, timeout: 5000, message: status}
2018-11-06 10:17:39.412815 <<< {isError: false, response: {message: log: paint}, type: _extensionType, method: ext.flutter.driver}
2018-11-06 10:17:39.423868 >>> {command: waitForAbsent, timeout: 0, finderType: ByType, type: PerformanceOverlay}
2018-11-06 10:17:39.439479 <<< {isError: false, response: {}, type: _extensionType, method: ext.flutter.driver}
2018-11-06 10:23:11.894164 >>> {command: get_health, timeout: 5000}
2018-11-06 10:23:12.041443 <<< {isError: false, response: {status: ok}, type: _extensionType, method: ext.flutter.driver}
2018-11-06 10:23:12.054003 >>> {command: request_data, timeout: 5000, message: status}
2018-11-06 10:23:12.264653 <<< {isError: false, response: {message: log: paint}, type: _extensionType, method: ext.flutter.driver}
2018-11-06 10:23:12.270787 >>> {command: waitForAbsent, timeout: 0, finderType: ByType, type: PerformanceOverlay}
2018-11-06 10:23:12.291475 <<< {isError: false, response: {}, type: _extensionType, method: ext.flutter.driver}
2018-11-06 10:24:31.377095 >>> {command: get_health, timeout: 5000}
2018-11-06 10:24:31.501074 <<< {isError: false, response: {status: ok}, type: _extensionType, method: ext.flutter.driver}
2018-11-06 10:24:31.510549 >>> {command: request_data, timeout: 5000, message: status}
2018-11-06 10:24:31.721308 <<< {isError: false, response: {message: log: paint}, type: _extensionType, method: ext.flutter.driver}
2018-11-06 10:24:31.728205 >>> {command: waitForAbsent, timeout: 0, finderType: ByType, type: PerformanceOverlay}
2018-11-06 10:24:31.753555 <<< {isError: false, response: {}, type: _extensionType, method: ext.flutter.driver}
